{"C:\\Users\\sleig\\OneDrive\\Desktop\\crud\\server\\controllers\\loginController.js": {"path":"C:\\Users\\sleig\\OneDrive\\Desktop\\crud\\server\\controllers\\loginController.js","statementMap":{"0":{"start":{"line":1,"column":15},"end":{"line":1,"column":32}},"1":{"start":{"line":2,"column":12},"end":{"line":2,"column":35}},"2":{"start":{"line":3,"column":13},"end":{"line":3,"column":43}},"3":{"start":{"line":5,"column":0},"end":{"line":27,"column":2}},"4":{"start":{"line":6,"column":2},"end":{"line":26,"column":3}},"5":{"start":{"line":7,"column":32},"end":{"line":7,"column":40}},"6":{"start":{"line":9,"column":17},"end":{"line":9,"column":46}},"7":{"start":{"line":10,"column":4},"end":{"line":12,"column":5}},"8":{"start":{"line":11,"column":6},"end":{"line":11,"column":70}},"9":{"start":{"line":14,"column":28},"end":{"line":14,"column":73}},"10":{"start":{"line":15,"column":4},"end":{"line":17,"column":5}},"11":{"start":{"line":16,"column":6},"end":{"line":16,"column":70}},"12":{"start":{"line":19,"column":18},"end":{"line":21,"column":6}},"13":{"start":{"line":23,"column":4},"end":{"line":23,"column":65}},"14":{"start":{"line":25,"column":4},"end":{"line":25,"column":59}}},"fnMap":{"0":{"name":"(anonymous_0)","decl":{"start":{"line":5,"column":20},"end":{"line":5,"column":21}},"loc":{"start":{"line":5,"column":40},"end":{"line":27,"column":1}},"line":5}},"branchMap":{"0":{"loc":{"start":{"line":10,"column":4},"end":{"line":12,"column":5}},"type":"if","locations":[{"start":{"line":10,"column":4},"end":{"line":12,"column":5}},{"start":{},"end":{}}],"line":10},"1":{"loc":{"start":{"line":15,"column":4},"end":{"line":17,"column":5}},"type":"if","locations":[{"start":{"line":15,"column":4},"end":{"line":17,"column":5}},{"start":{},"end":{}}],"line":15}},"s":{"0":1,"1":1,"2":1,"3":1,"4":1,"5":1,"6":1,"7":1,"8":0,"9":1,"10":1,"11":0,"12":1,"13":1,"14":0},"f":{"0":1},"b":{"0":[0,1],"1":[0,1]},"_coverageSchema":"1a1c01bbd47fc00a2c39e90264f33305004495a9","hash":"d9ed31711a124669f165263fed12fb4715433911"}
,"C:\\Users\\sleig\\OneDrive\\Desktop\\crud\\server\\controllers\\registerController.js": {"path":"C:\\Users\\sleig\\OneDrive\\Desktop\\crud\\server\\controllers\\registerController.js","statementMap":{"0":{"start":{"line":1,"column":15},"end":{"line":1,"column":32}},"1":{"start":{"line":2,"column":12},"end":{"line":2,"column":35}},"2":{"start":{"line":3,"column":13},"end":{"line":3,"column":43}},"3":{"start":{"line":5,"column":0},"end":{"line":31,"column":2}},"4":{"start":{"line":6,"column":2},"end":{"line":30,"column":3}},"5":{"start":{"line":7,"column":32},"end":{"line":7,"column":40}},"6":{"start":{"line":9,"column":25},"end":{"line":9,"column":54}},"7":{"start":{"line":10,"column":4},"end":{"line":12,"column":5}},"8":{"start":{"line":11,"column":6},"end":{"line":11,"column":75}},"9":{"start":{"line":14,"column":27},"end":{"line":14,"column":58}},"10":{"start":{"line":16,"column":20},"end":{"line":19,"column":6}},"11":{"start":{"line":21,"column":4},"end":{"line":21,"column":25}},"12":{"start":{"line":23,"column":18},"end":{"line":25,"column":6}},"13":{"start":{"line":27,"column":4},"end":{"line":27,"column":77}},"14":{"start":{"line":29,"column":4},"end":{"line":29,"column":59}}},"fnMap":{"0":{"name":"(anonymous_0)","decl":{"start":{"line":5,"column":23},"end":{"line":5,"column":24}},"loc":{"start":{"line":5,"column":43},"end":{"line":31,"column":1}},"line":5}},"branchMap":{"0":{"loc":{"start":{"line":10,"column":4},"end":{"line":12,"column":5}},"type":"if","locations":[{"start":{"line":10,"column":4},"end":{"line":12,"column":5}},{"start":{},"end":{}}],"line":10}},"s":{"0":1,"1":1,"2":1,"3":1,"4":5,"5":5,"6":5,"7":3,"8":2,"9":1,"10":1,"11":1,"12":1,"13":1,"14":2},"f":{"0":5},"b":{"0":[2,1]},"_coverageSchema":"1a1c01bbd47fc00a2c39e90264f33305004495a9","hash":"125ac433299d43b567b4bf16ca88dc20663f000c"}
,"C:\\Users\\sleig\\OneDrive\\Desktop\\crud\\server\\models\\userModel.js": {"path":"C:\\Users\\sleig\\OneDrive\\Desktop\\crud\\server\\models\\userModel.js","statementMap":{"0":{"start":{"line":1,"column":17},"end":{"line":1,"column":36}},"1":{"start":{"line":3,"column":19},"end":{"line":15,"column":2}},"2":{"start":{"line":17,"column":0},"end":{"line":17,"column":52}}},"fnMap":{},"branchMap":{},"s":{"0":1,"1":1,"2":1},"f":{},"b":{},"_coverageSchema":"1a1c01bbd47fc00a2c39e90264f33305004495a9","hash":"e7a3043c0e516bafa2aa525422a1e50522f5ed50"}
}
