TN:
SF:controllers\loginController.js
FN:5,(anonymous_0)
FNF:1
FNH:1
FNDA:1,(anonymous_0)
DA:1,1
DA:2,1
DA:3,1
DA:5,1
DA:6,1
DA:7,1
DA:9,1
DA:10,1
DA:11,0
DA:14,1
DA:15,1
DA:16,0
DA:19,1
DA:23,1
DA:25,0
LF:15
LH:12
BRDA:10,0,0,0
BRDA:10,0,1,1
BRDA:15,1,0,0
BRDA:15,1,1,1
BRF:4
BRH:2
end_of_record
TN:
SF:controllers\registerController.js
FN:5,(anonymous_0)
FNF:1
FNH:1
FNDA:5,(anonymous_0)
DA:1,1
DA:2,1
DA:3,1
DA:5,1
DA:6,5
DA:7,5
DA:9,5
DA:10,3
DA:11,2
DA:14,1
DA:16,1
DA:21,1
DA:23,1
DA:27,1
DA:29,2
LF:15
LH:15
BRDA:10,0,0,2
BRDA:10,0,1,1
BRF:2
BRH:2
end_of_record
TN:
SF:models\userModel.js
FNF:0
FNH:0
DA:1,1
DA:3,1
DA:17,1
LF:3
LH:3
BRF:0
BRH:0
end_of_record
